<?xml version="1.0" encoding="UTF-8"?>
<testng-results ignored="0" total="1" passed="1" failed="0" skipped="0">
  <reporter-output>
  </reporter-output>
  <suite started-at="2024-09-23T16:00:15 CST" name="Suite" finished-at="2024-09-23T16:00:47 CST" duration-ms="31990">
    <groups>
    </groups>
    <test started-at="2024-09-23T16:00:15 CST" name="Test" finished-at="2024-09-23T16:00:47 CST" duration-ms="31990">
      <class name="com.test2.appium.Test2">
        <test-method is-config="true" signature="beforeTest()[pri:0, instance:com.test2.appium.Test2@60bd273d]" started-at="2024-09-23T16:00:15 CST" name="beforeTest" finished-at="2024-09-23T16:00:39 CST" duration-ms="23758" status="PASS">
          <reporter-output>
          </reporter-output>
        </test-method> <!-- beforeTest -->
        <test-method signature="allTests()[pri:0, instance:com.test2.appium.Test2@60bd273d]" started-at="2024-09-23T16:00:39 CST" name="allTests" finished-at="2024-09-23T16:00:47 CST" duration-ms="8171" status="PASS">
          <reporter-output>
          </reporter-output>
        </test-method> <!-- allTests -->
      </class> <!-- com.test2.appium.Test2 -->
    </test> <!-- Test -->
  </suite> <!-- Suite -->
</testng-results>
